This is pdfTeX, Version 3.14159265-2.6-1.40.20 (TeX Live 2019) (preloaded format=pdflatex 2019.5.8)  21 FEB 2022 21:46
entering extended mode
 restricted \write18 enabled.
 file:line:error style messages enabled.
 %&-line parsing enabled.
**/Users/jack/tbi-diagnosis/reports/uwthesis.tex
(/Users/jack/tbi-diagnosis/reports/uwthesis.tex
LaTeX2e <2018-12-01>
(/Users/jack/tbi-diagnosis/reports/uwthesis.cls
Document Class: uwthesis 2020/02/24
\tf@not=\write3
(/usr/local/texlive/2019/texmf-dist/tex/latex/base/book.cls
Document Class: book 2018/09/03 v1.4i Standard LaTeX document class
(/usr/local/texlive/2019/texmf-dist/tex/latex/base/bk12.clo
File: bk12.clo 2018/09/03 v1.4i Standard LaTeX file (size option)
)
\c@part=\count80
\c@chapter=\count81
\c@section=\count82
\c@subsection=\count83
\c@subsubsection=\count84
\c@paragraph=\count85
\c@subparagraph=\count86
\c@figure=\count87
\c@table=\count88
\abovecaptionskip=\skip41
\belowcaptionskip=\skip42
\bibindent=\dimen102
)
Formatting for ProQuest
\botmargin=\dimen103
\@@wholepage=\box27
\@Chair=\count89
\@Sign=\count90
\abs@savebox=\box28
) (/usr/local/texlive/2019/texmf-dist/tex/latex/base/alltt.sty
Package: alltt 1997/06/16 v2.0g defines alltt environment
) (/Users/jack/tbi-diagnosis/reports/uwthesis.aux)
\openout1 = `uwthesis.aux'.

LaTeX Font Info:    Checking defaults for OML/cmm/m/it on input line 79.
LaTeX Font Info:    ... okay on input line 79.
LaTeX Font Info:    Checking defaults for T1/cmr/m/n on input line 79.
LaTeX Font Info:    ... okay on input line 79.
LaTeX Font Info:    Checking defaults for OT1/cmr/m/n on input line 79.
LaTeX Font Info:    ... okay on input line 79.
LaTeX Font Info:    Checking defaults for OMS/cmsy/m/n on input line 79.
LaTeX Font Info:    ... okay on input line 79.
LaTeX Font Info:    Checking defaults for OMX/cmex/m/n on input line 79.
LaTeX Font Info:    ... okay on input line 79.
LaTeX Font Info:    Checking defaults for U/cmr/m/n on input line 79.
LaTeX Font Info:    ... okay on input line 79.
LaTeX Font Info:    Try loading font information for OMS+cmr on input line 101.
 (/usr/local/texlive/2019/texmf-dist/tex/latex/base/omscmr.fd
File: omscmr.fd 2014/09/29 v2.5h Standard LaTeX font definitions
)
LaTeX Font Info:    Font shape `OMS/cmr/m/n' in size <12> not available
(Font)              Font shape `OMS/cmsy/m/n' tried instead on input line 101.
 [1


{/usr/local/texlive/2019/texmf-var/fonts/map/pdftex/updmap/pdftex.map}] [-1

]
LaTeX Font Info:    External font `cmex10' loaded for size
(Font)              <12> on input line 134.
LaTeX Font Info:    External font `cmex10' loaded for size
(Font)              <8> on input line 134.
LaTeX Font Info:    External font `cmex10' loaded for size
(Font)              <6> on input line 134.
LaTeX Font Info:    External font `cmex10' loaded for size
(Font)              <7> on input line 134.
LaTeX Font Info:    External font `cmex10' loaded for size
(Font)              <5> on input line 134.
 [0

] (/Users/jack/tbi-diagnosis/reports/uwthesis.toc [1



])
\tf@toc=\write4
\openout4 = `uwthesis.toc'.

 [2] (/Users/jack/tbi-diagnosis/reports/uwthesis.lof)
\tf@lof=\write5
\openout5 = `uwthesis.lof'.

 [3

] [4

] [5

] [6

]
<<1>>
[1



]
Underfull \vbox (badness 10000) has occurred while \output is active []

 [2] [3]
<<2>>
[4

]
<<3>>
[5

]
<<4>>
[6

]
<<5>>
[7

]
<<6>>
[8

] [9]
<<7>>
[10

]
Overfull \hbox (10.33536pt too wide) in paragraph at lines 458--460
[]\OT1/cmr/m/n/12 Although un-nec-es-sary for the-sis writ-ers, the \OT1/cmr/m/sl/12 T[]Xbook \OT1/cmr/m/n/12 is the pri-mary ref-er-ence for T[]Xsperts
 []


Overfull \hbox (0.92342pt too wide) in paragraph at lines 463--491
\OT1/cmr/m/n/12 cal equa-tion print-ing.[][] The \OT1/cmr/m/it/12 T[]Xbook\OT1/cmr/m/n/12 [[]], \OT1/cmr/m/it/12 L[]T[]X User's Guide\OT1/cmr/m/n/12 [[]], and \OT1/cmr/m/it/12 The L[]T[]X Companion\OT1/cmr/m/n/12 [[]]
 []

[11] [12]
<<8>>

Overfull \hbox (11.51324pt too wide) in paragraph at lines 614--618
[]\OT1/cmr/m/n/12 Include most ad-di-tional for-mat-ting pack-ages with [][]\OT1/cmtt/m/n/12 \usepackage[]\OT1/cmr/m/n/12 , as de-scribe by Lamport[[]].
 []

[13

] [14] [15] [16] [17] [18] [19]
Overfull \hbox (5.18024pt too wide) in paragraph at lines 882--882
 []\OT1/cmtt/m/n/12 \acknowledgments{The author wishes . . . {\it il miglior fabbro}.\par}}[] 
 []

[20]
<<9>>
LaTeX Font Info:    External font `cmex10' loaded for size
(Font)              <14.4> on input line 916.
(/Users/jack/tbi-diagnosis/reports/uwthesis.bbl [21

]) [22

]
<<A>>
[23

] [24

] (/Users/jack/tbi-diagnosis/reports/uwthesis.aux) ) 
Here is how much of TeX's memory you used:
 482 strings out of 492616
 5928 string characters out of 6129482
 68784 words of memory out of 5000000
 4449 multiletter control sequences out of 15000+600000
 11609 words of font info for 40 fonts, out of 8000000 for 9000
 1141 hyphenation exceptions out of 8191
 27i,9n,21p,289b,267s stack positions out of 5000i,500n,10000p,200000b,80000s
</usr/local/texlive/2019/texmf-dist/fonts/type1/public/amsfonts/cm/cmbx10.pfb></usr/local/texlive/2019/texmf-dist/fonts/type1/public/amsfonts/cm/cmbx12.pfb></usr/local/texlive/2019/texmf-dist/fonts/type1/public/amsfonts/cm/cmbxsl10.pfb></usr/local/texlive/2019/texmf-dist/fonts/type1/public/amsfonts/cm/cmex10.pfb></usr/local/texlive/2019/texmf-dist/fonts/type1/public/amsfonts/cm/cmitt10.pfb></usr/local/texlive/2019/texmf-dist/fonts/type1/public/amsfonts/cm/cmmi10.pfb></usr/local/texlive/2019/texmf-dist/fonts/type1/public/amsfonts/cm/cmmi12.pfb></usr/local/texlive/2019/texmf-dist/fonts/type1/public/amsfonts/cm/cmmi7.pfb></usr/local/texlive/2019/texmf-dist/fonts/type1/public/amsfonts/cm/cmr10.pfb></usr/local/texlive/2019/texmf-dist/fonts/type1/public/amsfonts/cm/cmr12.pfb></usr/local/texlive/2019/texmf-dist/fonts/type1/public/amsfonts/cm/cmr17.pfb></usr/local/texlive/2019/texmf-dist/fonts/type1/public/amsfonts/cm/cmr7.pfb></usr/local/texlive/2019/texmf-dist/fonts/type1/public/amsfonts/cm/cmr8.pfb></usr/local/texlive/2019/texmf-dist/fonts/type1/public/amsfonts/cm/cmsl12.pfb></usr/local/texlive/2019/texmf-dist/fonts/type1/public/amsfonts/cm/cmsl8.pfb></usr/local/texlive/2019/texmf-dist/fonts/type1/public/amsfonts/cm/cmss12.pfb></usr/local/texlive/2019/texmf-dist/fonts/type1/public/amsfonts/cm/cmsy10.pfb></usr/local/texlive/2019/texmf-dist/fonts/type1/public/amsfonts/cm/cmsy7.pfb></usr/local/texlive/2019/texmf-dist/fonts/type1/public/amsfonts/cm/cmti10.pfb></usr/local/texlive/2019/texmf-dist/fonts/type1/public/amsfonts/cm/cmti12.pfb></usr/local/texlive/2019/texmf-dist/fonts/type1/public/amsfonts/cm/cmti8.pfb></usr/local/texlive/2019/texmf-dist/fonts/type1/public/amsfonts/cm/cmtt12.pfb>
Output written on /Users/jack/tbi-diagnosis/reports/uwthesis.pdf (33 pages, 270974 bytes).
PDF statistics:
 199 PDF objects out of 1000 (max. 8388607)
 140 compressed objects within 2 object streams
 0 named destinations out of 1000 (max. 500000)
 1 words of extra memory for PDF output out of 10000 (max. 10000000)

